<?xml version="1.0" encoding="UTF-8"?>
<!-- Generated by org.testng.reporters.JUnitReportReporter -->
<testsuite hostname="DESKTOP-43VTGMP" failures="0" tests="10" name="com.pom.classes.TestClass3" time="0.039" errors="0" timestamp="2021-06-30T20:28:20 IST" skipped="2">
  <testcase classname="com.pom.classes.TestClass3" name="test1" time="0.011"/>
  <system-out/>
  <testcase classname="com.pom.classes.TestClass3" name="test1" time="0.013"/>
  <system-out/>
  <testcase classname="com.pom.classes.TestClass3" name="test3" time="0.002"/>
  <system-out/>
  <testcase classname="com.pom.classes.TestClass3" name="test3" time="0.002"/>
  <system-out/>
  <testcase classname="com.pom.classes.TestClass3" name="test3" time="0.002"/>
  <system-out/>
  <testcase classname="com.pom.classes.TestClass3" name="test3" time="0.002"/>
  <system-out/>
  <testcase classname="com.pom.classes.TestClass3" name="test3" time="0.005"/>
  <system-out/>
  <testcase classname="com.pom.classes.TestClass3" name="test3" time="0.002"/>
  <system-out/>
  <testcase classname="com.pom.classes.TestClass3" name="test2">
    <skipped/>
  </testcase> <!-- test2 -->
  <system-out/>
  <testcase classname="com.pom.classes.TestClass3" name="test2">
    <skipped/>
  </testcase> <!-- test2 -->
  <system-out/>
</testsuite> <!-- com.pom.classes.TestClass3 -->
