<?xml version="1.0" encoding="UTF-8"?>
<!-- Generated by org.testng.reporters.JUnitReportReporter -->
<testsuite hostname="DESKTOP-43VTGMP" failures="0" tests="10" name="com.pom.classes.TestClass2" time="0.146" errors="0" timestamp="2021-06-08T10:30:49 IST" skipped="2">
  <testcase classname="com.pom.classes.TestClass2" name="test1" time="0.024"/>
  <system-out/>
  <testcase classname="com.pom.classes.TestClass2" name="test1" time="0.052"/>
  <system-out/>
  <testcase classname="com.pom.classes.TestClass2" name="test3" time="0.040"/>
  <system-out/>
  <testcase classname="com.pom.classes.TestClass2" name="test3" time="0.007"/>
  <system-out/>
  <testcase classname="com.pom.classes.TestClass2" name="test3" time="0.005"/>
  <system-out/>
  <testcase classname="com.pom.classes.TestClass2" name="test3" time="0.004"/>
  <system-out/>
  <testcase classname="com.pom.classes.TestClass2" name="test3" time="0.002"/>
  <system-out/>
  <testcase classname="com.pom.classes.TestClass2" name="test3" time="0.012"/>
  <system-out/>
  <testcase classname="com.pom.classes.TestClass2" name="test2">
    <skipped/>
  </testcase> <!-- test2 -->
  <system-out/>
  <testcase classname="com.pom.classes.TestClass2" name="test2">
    <skipped/>
  </testcase> <!-- test2 -->
  <system-out/>
</testsuite> <!-- com.pom.classes.TestClass2 -->
