<?xml version="1.0" encoding="UTF-8"?>
<!-- Generated by org.testng.reporters.JUnitReportReporter -->
<testsuite hostname="DESKTOP-43VTGMP" failures="0" tests="10" name="com.pom.classes.TestClass2" time="0.204" errors="0" timestamp="2021-06-30T20:28:20 IST" skipped="2">
  <testcase classname="com.pom.classes.TestClass2" name="test1" time="0.027"/>
  <system-out/>
  <testcase classname="com.pom.classes.TestClass2" name="test1" time="0.021"/>
  <system-out/>
  <testcase classname="com.pom.classes.TestClass2" name="test3" time="0.018"/>
  <system-out/>
  <testcase classname="com.pom.classes.TestClass2" name="test3" time="0.036"/>
  <system-out/>
  <testcase classname="com.pom.classes.TestClass2" name="test3" time="0.048"/>
  <system-out/>
  <testcase classname="com.pom.classes.TestClass2" name="test3" time="0.004"/>
  <system-out/>
  <testcase classname="com.pom.classes.TestClass2" name="test3" time="0.008"/>
  <system-out/>
  <testcase classname="com.pom.classes.TestClass2" name="test3" time="0.042"/>
  <system-out/>
  <testcase classname="com.pom.classes.TestClass2" name="test2">
    <skipped/>
  </testcase> <!-- test2 -->
  <system-out/>
  <testcase classname="com.pom.classes.TestClass2" name="test2">
    <skipped/>
  </testcase> <!-- test2 -->
  <system-out/>
</testsuite> <!-- com.pom.classes.TestClass2 -->
